app/proguard-rules.pro
## Retrofit

-keep,allowobfuscation class github.alexzhirkevich.studentbsuby.api.** { *; }
# Retrofit does reflection on generic parameters. InnerClasses is required to use Signature and
# EnclosingMethod is required to use InnerClasses.
-keepattributes Signature, InnerClasses, EnclosingMethod

# Retrofit does reflection on method and parameter annotations.
-keepattributes RuntimeVisibleAnnotations, RuntimeVisibleParameterAnnotations

# Keep annotation default values (e.g., retrofit2.http.Field.encoded).
-keepattributes AnnotationDefault

# Retain service method parameters when optimizing.
-keepclassmembers,allowshrinking,allowobfuscation interface * {
    @retrofit2.http.* <methods>;
}

# Ignore annotation used for build tooling.
-dontwarn org.codehaus.mojo.animal_sniffer.IgnoreJRERequirement

# Ignore JSR 305 annotations for embedding nullability information.
-dontwarn javax.annotation.**

# Guarded by a NoClassDefFoundError try/catch and only used when on the classpath.
-dontwarn kotlin.Unit

# Top-level functions that can only be used by Kotlin.
-dontwarn retrofit2.KotlinExtensions
-dontwarn retrofit2.KotlinExtensions$*

# With R8 full mode, it sees no subtypes of Retrofit interfaces since they are created with a Proxy
# and replaces all potential values with null. Explicitly keeping the interfaces prevents this.
-if interface * { @retrofit2.http.* <methods>; }
-keep,allowobfuscation interface <1>

# Keep generic signature of Call, Response (R8 full mode strips signatures from non-kept items).
-keep,allowobfuscation,allowshrinking interface retrofit2.Call
-keep,allowobfuscation,allowshrinking class retrofit2.Response

# With R8 full mode generic signatures are stripped for classes that are not
# kept. Suspend functions are wrapped in continuations where the type argument
# is used.
-keep,allowobfuscation,allowshrinking class kotlin.coroutines.Continuation


### OkHttp3
-dontwarn org.conscrypt.**
-dontwarn org.bouncycastle.**
-dontwarn org.openjsse.**

-dontwarn okhttp3.**
-dontwarn okio.**
-dontwarn javax.annotation.**
# A resource is loaded with a relative path so the package of this class must be preserved.
-keepnames class okhttp3.internal.publicsuffix.PublicSuffixDatabase

-keep class * extends androidx.room.RoomDatabase
-keep @androidx.room.Entity class *
-dontwarn androidx.room.paging.**
-dontwarn android.arch.util.paging.CountedDataSource
-dontwarn android.arch.persistence.room.paging.LimitOffsetDataSource


### Crashlytics
# In order to provide the most meaningful crash reports
-keepattributes SourceFile,LineNumberTable
# If you're using custom Eception
-keep public class * extends java.lang.Exception
-keep class com.crashlytics.** { *; }
-dontwarn com.crashlytics.**
-keep class com.google.firebase.crashlytics.** { *; }
-dontwarn com.google.firebase.crashlytics.**


### Kotlin Coroutine
# https://github.com/Kotlin/kotlinx.coroutines/blob/master/README.md
# ServiceLoader support
-keepnames class kotlinx.coroutines.internal.MainDispatcherFactory {}
-keepnames class kotlinx.coroutines.CoroutineExceptionHandler {}
-keepnames class kotlinx.coroutines.android.AndroidExceptionPreHandler {}
-keepnames class kotlinx.coroutines.android.AndroidDispatcherFactory {}
# Most of volatile fields are updated with AFU and should not be mangled
-keepclassmembernames class kotlinx.** {
    volatile <fields>;
}
# Same story for the standard library's SafeContinuation that also uses AtomicReferenceFieldUpdater
-keepclassmembernames class kotlin.coroutines.SafeContinuation {
    volatile <fields>;
}
# https://github.com/Kotlin/kotlinx.atomicfu/issues/57
-dontwarn kotlinx.atomicfu.**

-dontwarn kotlinx.coroutines.flow.**


### Kotlin
#https://stackoverflow.com/questions/33547643/how-to-use-kotlin-with-proguard
#https://medium.com/@AthorNZ/kotlin-metadata-jackson-and-proguard-f64f51e5ed32
-keepclassmembers class **$WhenMappings {
    <fields>;
}
-keep class kotlin.Metadata { *; }
-keepclassmembers class kotlin.Metadata {
    public <methods>;
}