app/build/outputs/mapping/release/seeds.txt
github.alexzhirkevich.studentbsuby.workers.SynchronizationWorker
github.alexzhirkevich.studentbsuby.MainActivity_GeneratedInjector
github.alexzhirkevich.studentbsuby.MainApplication_GeneratedInjector
github.alexzhirkevich.studentbsuby.ui.screens.login.LoginViewModel
github.alexzhirkevich.studentbsuby.ui.screens.drawer.timetable.TimetableViewModel
github.alexzhirkevich.studentbsuby.ui.screens.drawer.subjects.SubjectsViewModel
github.alexzhirkevich.studentbsuby.api.TimetableApi
github.alexzhirkevich.studentbsuby.MainActivity
github.alexzhirkevich.studentbsuby.api.PaidServicesApi
github.alexzhirkevich.studentbsuby.dao.AppDatabase_Impl
github.alexzhirkevich.studentbsuby.ui.screens.settings.SettingsViewModel
github.alexzhirkevich.studentbsuby.api.ProfileApi
github.alexzhirkevich.studentbsuby.ui.screens.drawer.ProfileViewModel
github.alexzhirkevich.studentbsuby.MainApplication
github.alexzhirkevich.studentbsuby.api.LoginApi
github.alexzhirkevich.studentbsuby.ui.screens.drawer.about.AboutViewModel
github.alexzhirkevich.studentbsuby.ui.screens.drawer.hostel.HostelViewModel
github.alexzhirkevich.studentbsuby.dao.AppDatabase
github.alexzhirkevich.studentbsuby.MainApplication$WorkManagerInitializerEntryPoint
github.alexzhirkevich.studentbsuby.ui.screens.drawer.news.NewsViewModel
github.alexzhirkevich.studentbsuby.ui.screens.drawer.paidservices.PaidServicesViewModel
github.alexzhirkevich.studentbsuby.ui.screens.drawer.subjects.SubjectsScreenKt$Body$1: kotlin.jvm.functions.Function1 $onSemesterChanged
github.alexzhirkevich.studentbsuby.ui.theme.AppThemeKt$StudentbsubyTheme$1: boolean $isDark
github.alexzhirkevich.studentbsuby.ui.common.BsuProgressBarKt$BsuProgressBarSwipeRefreshIndicator$3$1: androidx.compose.runtime.State $animatedOffsetY$delegate
github.alexzhirkevich.studentbsuby.ui.screens.drawer.paidservices.PaidServicesViewModel$update$2: int label
github.alexzhirkevich.studentbsuby.ui.screens.drawer.subjects.SubjectsScreenKt$AllSemestersBody$4$2$1$1$1: com.google.accompanist.swiperefresh.SwipeRefreshState $refreshState
github.alexzhirkevich.studentbsuby.repo.LoginRepository$login$1: java.lang.Object L$2
github.alexzhirkevich.studentbsuby.workers.SynchronizationWorker$update$2$2: github.alexzhirkevich.studentbsuby.workers.SynchronizationWorker this$0
github.alexzhirkevich.studentbsuby.ui.screens.drawer.news.NewsListScreenKt$Error$2: java.lang.String $error
github.alexzhirkevich.studentbsuby.ui.screens.drawer.subjects.SubjectWidgetKt$SubjectWidget$4: androidx.compose.ui.Modifier $modifier
github.alexzhirkevich.studentbsuby.ui.screens.drawer.DrawerScreenKt$DrawerScreen$4: int $$default
github.alexzhirkevich.studentbsuby.ui.screens.drawer.paidservices.PaidServicesScreenKt$Body$1$4$2: github.alexzhirkevich.studentbsuby.ui.screens.drawer.paidservices.PaidServicesViewModel $viewModel
github.alexzhirkevich.studentbsuby.ui.screens.drawer.subjects.SubjectsScreenKt$suspendRepeat$1: java.lang.Object result
github.alexzhirkevich.studentbsuby.ui.screens.drawer.paidservices.PaidServicesViewModel$update$2: github.alexzhirkevich.studentbsuby.ui.screens.drawer.paidservices.PaidServicesViewModel this$0
github.alexzhirkevich.studentbsuby.ui.screens.drawer.DrawerScreenKt$DrawerContent$2$2$1$1$1: kotlin.jvm.functions.Function0 $onRouteSelected
github.alexzhirkevich.studentbsuby.ui.screens.drawer.DrawerScreenKt$DrawerContent$2$2$1$1$1$1$1: androidx.navigation.NavController $childNavController
github.alexzhirkevich.studentbsuby.ui.screens.drawer.paidservices.PaidServicesScreenKt$Body$1$1: com.google.accompanist.pager.PagerState $pagerState
github.alexzhirkevich.studentbsuby.ui.screens.drawer.paidservices.PaidServicesScreenKt$PaidServicesScreen$3: kotlin.jvm.functions.Function0 $onMenuClicked
github.alexzhirkevich.studentbsuby.ui.screens.drawer.DrawerScreenKt$DrawerContent$3: androidx.navigation.NavController $childNavController
...
androidx.compose.ui.viewinterop.AndroidViewHolder$layoutNode$1$coreModifier$2: androidx.compose.ui.node.LayoutNode $layoutNode
androidx.compose.foundation.FocusableKt$focusableInNonTouchMode$2$1: androidx.compose.ui.input.InputModeManager $inputModeManager
androidx.compose.ui.node.DelegatingLayoutNodeWrapper$hitTestInMinimumTouchTarget$3: kotlin.jvm.functions.Function1 $block
com.google.android.gms.internal.measurement.zzjp: java.lang.Class zzad
androidx.compose.foundation.gestures.TapGestureDetectorKt$consumeUntilUp$1: java.lang.Object L$0
androidx.compose.foundation.text.TextFieldMagnifierKt$textFieldMagnifierAndroidImpl$5$1: androidx.compose.runtime.State $animatedMagnifierOffset$delegate
com.google.accompanist.swiperefresh.SwipeRefreshKt$SwipeRefresh$3: com.google.accompanist.swiperefresh.SwipeRefreshState $state
androidx.compose.material.TabKt$Tab$5: boolean $enabled
kotlinx.coroutines.internal.DispatchedContinuation: java.lang.Object _reusableCancellableContinuation
androidx.compose.material.IconKt$Icon$3: long $tint
com.skydoves.landscapist.glide.GlideImage__GlideImageKt$GlideImage$19: com.skydoves.landscapist.CircularReveal $circularReveal
androidx.compose.material.AppBarKt$AppBar$2: long $contentColor
androidx.compose.foundation.text.ClickableTextKt$ClickableText$3: androidx.compose.ui.text.AnnotatedString $text
com.google.android.gms.internal.measurement.zzex: boolean zzh
androidx.compose.ui.input.pointer.SuspendingPointerInputFilterKt$pointerInput$2$2$1: java.lang.Object L$0
com.google.android.gms.internal.measurement.zzfu: java.lang.String zzf
com.google.crypto.tink.proto.AesSivKey: int VERSION_FIELD_NUMBER
androidx.compose.animation.CrossfadeKt$Crossfade$6: int $$default
androidx.compose.animation.AnimatedVisibilityKt$AnimatedVisibility$6: androidx.compose.foundation.layout.ColumnScope $this_AnimatedVisibility
androidx.compose.ui.tooling.PreviewActivity$setComposableContent$2: java.lang.String $methodName
androidx.compose.ui.platform.GlobalSnapshotManager$ensureStarted$1: java.lang.Object L$0
androidx.compose.material.TextKt$Text$4: long $color
androidx.compose.foundation.text.BasicTextKt$BasicText$3: int $overflow
androidx.compose.foundation.lazy.LazyDslKt$LazyRow$1: androidx.compose.foundation.lazy.LazyListState $state
androidx.compose.animation.core.AnimateAsStateKt$animateValueAsState$3: androidx.compose.runtime.State $listener$delegate
de.charlex.compose.HtmlTextKt$HtmlText$4: int $maxLines
androidx.compose.foundation.layout.PaddingKt$padding-VpY3zN4$$inlined$debugInspectorInfo$1: float $vertical$inlined
kotlinx.coroutines.channels.ChannelsKt__ChannelsKt$trySendBlocking$2: java.lang.Object L$0
com.google.crypto.tink.proto.AesSivKey: int version_
androidx.compose.foundation.lazy.layout.LazyLayoutKt$LazyLayout$3: int $$default
com.google.crypto.tink.proto.KeysetInfo: com.google.crypto.tink.proto.KeysetInfo DEFAULT_INSTANCE
dev.chrisbanes.snapper.SnapperFlingBehavior$performDecayFling$4: kotlin.jvm.internal.Ref$BooleanRef $needSpringAfter
androidx.compose.foundation.text.TextFieldKeyInputKt$textFieldKeyInput$1: androidx.compose.foundation.text.UndoManager $undoManager
androidx.compose.foundation.FocusableKt$focusable$2$4$2: androidx.compose.runtime.MutableState $focusedInteraction
androidx.compose.foundation.text.CoreTextFieldKt$CoreTextField$5: androidx.compose.ui.graphics.Brush $cursorBrush
androidx.compose.foundation.gestures.DraggableKt$draggable$9$3$1$1$1: java.lang.Object L$3
com.skydoves.landscapist.glide.GlideImage__GlideImageKt$GlideImage$19: java.lang.Object $imageModel
androidx.compose.runtime.RecomposeScopeImpl$end$1$2: int $token
androidx.compose.foundation.HoverableKt$hoverable$2$3: java.lang.Object L$1
kotlin.collections.SlidingWindowKt$windowedIterator$1: java.lang.Object L$0
com.google.android.gms.internal.measurement.zzfy: java.lang.String zzY
androidx.compose.foundation.ClickableKt$handlePressInteraction$2$delayJob$1: int label
com.google.android.gms.internal.measurement.zzel: int zze